<?xml version="1.0" encoding="UTF-8"?>
<testsuite name="Tanks.SampleTest" tests="2" skipped="0" failures="0" errors="0" timestamp="2024-05-11T08:41:39" hostname="Murphys-MacBook-Air.local" time="2.014">
  <properties/>
  <testcase name="levelInitialization()" classname="Tanks.SampleTest" time="2.011"/>
  <testcase name="simpleTest()" classname="Tanks.SampleTest" time="0.001"/>
  <system-out><![CDATA[]]></system-out>
  <system-err><![CDATA[]]></system-err>
</testsuite>
